<?xml version="1.0" encoding="UTF-8"?>
<testsuite xmlns:xsi="http://www.w3.org/2001/XMLSchema-instance" xsi:noNamespaceSchemaLocation="https://maven.apache.org/surefire/maven-surefire-plugin/xsd/surefire-test-report.xsd" name="com.testing.sample.AppTest" time="0.039" tests="1" errors="0" skipped="0" failures="0">
  <properties>
    <property name="sun.desktop" value="windows"/>
    <property name="awt.toolkit" value="sun.awt.windows.WToolkit"/>
    <property name="file.encoding.pkg" value="sun.io"/>
    <property name="java.specification.version" value="1.8"/>
    <property name="sun.cpu.isalist" value="amd64"/>
    <property name="sun.jnu.encoding" value="Cp1252"/>
    <property name="java.class.path" value="D:\Users\subhash\Desktop\MySampleMavenProject\target\test-classes;D:\Users\subhash\Desktop\MySampleMavenProject\target\classes;D:\Users\subhash\.m2\repository\junit\junit\4.11\junit-4.11.jar;D:\Users\subhash\.m2\repository\org\hamcrest\hamcrest-core\1.3\hamcrest-core-1.3.jar;"/>
    <property name="java.vm.vendor" value="Oracle Corporation"/>
    <property name="sun.arch.data.model" value="64"/>
    <property name="user.variant" value=""/>
    <property name="java.vendor.url" value="http://java.oracle.com/"/>
    <property name="user.timezone" value="Asia/Calcutta"/>
    <property name="java.vm.specification.version" value="1.8"/>
    <property name="os.name" value="Windows 10"/>
    <property name="user.country" value="US"/>
    <property name="sun.java.launcher" value="SUN_STANDARD"/>
    <property name="sun.boot.library.path" value="D:\Program Files\Java\jre1.8.0_251\bin"/>
    <property name="sun.java.command" value="D:\Users\subhash\AppData\Local\Temp\surefire5254002124446286349\surefirebooter7635747783884138986.jar D:\Users\subhash\AppData\Local\Temp\surefire5254002124446286349 2020-06-14T11-42-24_914-jvmRun1 surefire5144293508514240503tmp surefire_07207549772772524579tmp"/>
    <property name="surefire.test.class.path" value="D:\Users\subhash\Desktop\MySampleMavenProject\target\test-classes;D:\Users\subhash\Desktop\MySampleMavenProject\target\classes;D:\Users\subhash\.m2\repository\junit\junit\4.11\junit-4.11.jar;D:\Users\subhash\.m2\repository\org\hamcrest\hamcrest-core\1.3\hamcrest-core-1.3.jar;"/>
    <property name="sun.cpu.endian" value="little"/>
    <property name="user.home" value="D:\Users\subhash"/>
    <property name="user.language" value="en"/>
    <property name="java.specification.vendor" value="Oracle Corporation"/>
    <property name="java.home" value="D:\Program Files\Java\jre1.8.0_251"/>
    <property name="basedir" value="D:\Users\subhash\Desktop\MySampleMavenProject"/>
    <property name="file.separator" value="\"/>
    <property name="line.separator" value="&#10;"/>
    <property name="java.vm.specification.vendor" value="Oracle Corporation"/>
    <property name="java.specification.name" value="Java Platform API Specification"/>
    <property name="java.awt.graphicsenv" value="sun.awt.Win32GraphicsEnvironment"/>
    <property name="surefire.real.class.path" value="D:\Users\subhash\AppData\Local\Temp\surefire5254002124446286349\surefirebooter7635747783884138986.jar"/>
    <property name="sun.boot.class.path" value="D:\Program Files\Java\jre1.8.0_251\lib\resources.jar;D:\Program Files\Java\jre1.8.0_251\lib\rt.jar;D:\Program Files\Java\jre1.8.0_251\lib\sunrsasign.jar;D:\Program Files\Java\jre1.8.0_251\lib\jsse.jar;D:\Program Files\Java\jre1.8.0_251\lib\jce.jar;D:\Program Files\Java\jre1.8.0_251\lib\charsets.jar;D:\Program Files\Java\jre1.8.0_251\lib\jfr.jar;D:\Program Files\Java\jre1.8.0_251\classes"/>
    <property name="user.script" value=""/>
    <property name="sun.management.compiler" value="HotSpot 64-Bit Tiered Compilers"/>
    <property name="java.runtime.version" value="1.8.0_251-b08"/>
    <property name="user.name" value="subhash"/>
    <property name="path.separator" value=";"/>
    <property name="os.version" value="10.0"/>
    <property name="java.endorsed.dirs" value="D:\Program Files\Java\jre1.8.0_251\lib\endorsed"/>
    <property name="java.runtime.name" value="Java(TM) SE Runtime Environment"/>
    <property name="file.encoding" value="Cp1252"/>
    <property name="java.vm.name" value="Java HotSpot(TM) 64-Bit Server VM"/>
    <property name="localRepository" value="D:\Users\subhash\.m2\repository"/>
    <property name="java.vendor.url.bug" value="http://bugreport.sun.com/bugreport/"/>
    <property name="java.io.tmpdir" value="D:\Users\subhash\AppData\Local\Temp\"/>
    <property name="java.version" value="1.8.0_251"/>
    <property name="user.dir" value="D:\Users\subhash\Desktop\MySampleMavenProject"/>
    <property name="os.arch" value="amd64"/>
    <property name="java.vm.specification.name" value="Java Virtual Machine Specification"/>
    <property name="java.awt.printerjob" value="sun.awt.windows.WPrinterJob"/>
    <property name="sun.os.patch.level" value=""/>
    <property name="java.library.path" value="D:\Program Files\Java\jre1.8.0_251\bin;D:\WINDOWS\Sun\Java\bin;D:\WINDOWS\system32;D:\WINDOWS;D:\Program Files (x86)\Common Files\Oracle\Java\javapath;D:\Program Files\Java\jdk1.7.0_80\bin;D:\WINDOWS\system32;D:\WINDOWS;D:\WINDOWS\System32\Wbem;D:\WINDOWS\System32\WindowsPowerShell\v1.0\;D:\WINDOWS\System32\OpenSSH\;C:\Soap ui\axis2-1.6.2\bin;D:\Program Files\Git\cmd;D:\Program Files\MySQL\MySQL Shell 8.0\bin\;D:\Users\subhash\AppData\Local\Programs\Python\Python37\Scripts\;D:\Users\subhash\AppData\Local\Programs\Python\Python37\;D:\Users\subhash\AppData\Local\Programs\Python\Python36-32\Scripts\;D:\Users\subhash\AppData\Local\Programs\Python\Python36-32\;D:\Users\subhash\AppData\Local\Microsoft\WindowsApps;C:\apache-maven-3.6.3\bin;."/>
    <property name="java.vm.info" value="mixed mode"/>
    <property name="java.vendor" value="Oracle Corporation"/>
    <property name="java.vm.version" value="25.251-b08"/>
    <property name="java.ext.dirs" value="D:\Program Files\Java\jre1.8.0_251\lib\ext;D:\WINDOWS\Sun\Java\lib\ext"/>
    <property name="sun.io.unicode.encoding" value="UnicodeLittle"/>
    <property name="java.class.version" value="52.0"/>
  </properties>
  <testcase name="shouldAnswerWithTrue" classname="com.testing.sample.AppTest" time="0.001"/>
</testsuite>