<?xml version="1.0" encoding="UTF-8"?>
<!-- Generated by org.testng.reporters.JUnitReportReporter -->
<testsuite skipped="0" hostname="SubhashMadineni" name="com.bikewale.Test.bikewale_automationTest" tests="1" failures="0" timestamp="14 Jun 2020 10:50:52 GMT" time="17.302" errors="0">
  <testcase name="testBikewale" time="17.302" classname="com.bikewale.Test.bikewale_automationTest"/>
</testsuite> <!-- com.bikewale.Test.bikewale_automationTest -->
