<?xml version="1.0" encoding="UTF-8"?>
<!-- Generated by org.testng.reporters.JUnitReportReporter -->
<testsuite skipped="0" hostname="SubhashMadineni" name="com.selenium.basic.bikewale_automationTest" tests="1" failures="0" timestamp="14 Jun 2020 06:21:10 GMT" time="4.415" errors="0">
  <testcase name="testBikewale" time="4.415" classname="com.selenium.basic.bikewale_automationTest"/>
</testsuite> <!-- com.selenium.basic.bikewale_automationTest -->
